2024-09-08 03:03:21,984 - APPLY {'FilePath': 'E:\\My Drive\\Project\\Blender_Directory_Checker\\test_file\\my copy 3.blend', 'FileName': 'my copy 3.blend', 'Render_Engine': 'BLENDER_EEVEE', 'blender_ver': (4, 3, 21), 'FPS': 24, 'Total_Frames': 249, 'Render_Samples': 64, 'Resolution_X': 1920, 'Resolution_Y': 1080, 'File_Path': '/tmp\\', 'World_Name': 'World', 'File_Format': 'PNG', 'Resolution_Percentage': 100, 'Scene': 'Scene', 'have_seq': False, 'w_comp': False, 'noise_t': 0.009999999776482582, 'Ambient_Occlusion': False, 'Subsurface_Reflection': False, 'Simplify': False, 'Bloom': False, 'Motion_Blur': False}
2024-09-08 03:03:21,985 - Settings applied to scene 'Scene'
2024-09-08 03:06:57,655 - APPLY {'FilePath': 'E:\\My Drive\\Project\\Blender_Directory_Checker\\test_file\\my copy 3.blend', 'FileName': 'my copy 3.blend', 'Render_Engine': 'BLENDER_EEVEE', 'blender_ver': (3, 6, 13), 'FPS': 24, 'Total_Frames': 248, 'Render_Samples': 64, 'Resolution_X': 1920, 'Resolution_Y': 1080, 'File_Path': '/tmp\\', 'World_Name': 'World', 'File_Format': 'PNG', 'Resolution_Percentage': 100, 'Scene': 'Scene', 'have_seq': False, 'w_comp': False, 'noise_t': 0.009999999776482582, 'Ambient_Occlusion': False, 'Subsurface_Reflection': False, 'Simplify': False, 'Bloom': False, 'Motion_Blur': False}
2024-09-08 03:06:57,658 - Settings applied to scene 'Scene'
2024-09-08 03:08:04,265 - APPLY {'FilePath': 'E:\\My Drive\\Project\\Blender_Directory_Checker\\test_file\\my copy.blend', 'FileName': 'my copy.blend', 'Render_Engine': 'BLENDER_EEVEE', 'blender_ver': (4, 3, 21), 'FPS': 24, 'Total_Frames': 249, 'Render_Samples': 64, 'Resolution_X': 1920, 'Resolution_Y': 1080, 'File_Path': '/tmp\\', 'World_Name': 'World', 'File_Format': 'PNG', 'Resolution_Percentage': 100, 'Scene': 'Scene', 'have_seq': False, 'w_comp': False, 'noise_t': 0.009999999776482582, 'Ambient_Occlusion': False, 'Subsurface_Reflection': False, 'Simplify': False, 'Bloom': False, 'Motion_Blur': False}
2024-09-08 03:08:04,266 - Settings applied to scene 'Scene'
2024-09-08 03:13:43,920 - APPLY {'FilePath': 'E:\\My Drive\\Project\\Blender_Directory_Checker\\test_file\\my copy 2_modified_modified.blend', 'FileName': 'my copy 2_modified_modified.blend', 'Render_Engine': 'BLENDER_EEVEE', 'blender_ver': (3, 6, 13), 'FPS': 24, 'Total_Frames': 247, 'Render_Samples': 64, 'Resolution_X': 1920, 'Resolution_Y': 1080, 'File_Path': '/tmp\\', 'World_Name': 'World', 'File_Format': 'PNG', 'Resolution_Percentage': 100, 'Scene': 'Scene', 'have_seq': False, 'w_comp': False, 'noise_t': 0.009999999776482582, 'Ambient_Occlusion': False, 'Subsurface_Reflection': False, 'Simplify': False, 'Bloom': False, 'Motion_Blur': False}
2024-09-08 03:13:43,921 - Settings applied to scene 'Scene'
2024-09-08 03:16:37,297 - APPLY {'FilePath': 'E:\\My Drive\\Project\\Blender_Directory_Checker\\test_file\\my copy.blend', 'FileName': 'my copy.blend', 'Render_Engine': 'BLENDER_EEVEE', 'blender_ver': '(3, 6, 13)', 'FPS': '60', 'Total_Frames': '248', 'Render_Samples': '64', 'Resolution_X': '1920', 'Resolution_Y': '1080', 'File_Path': '/tmp\\', 'World_Name': 'World', 'File_Format': 'PNG', 'Resolution_Percentage': '100', 'Scene': 'Scene', 'have_seq': 'False', 'w_comp': 'False', 'noise_t': '0.009999999776482582', 'Ambient_Occlusion': 'False', 'Subsurface_Reflection': 'False', 'Simplify': 'False', 'Bloom': 'False', 'Motion_Blur': 'False'}
2024-09-08 03:18:58,654 - APPLY {'FilePath': 'E:\\My Drive\\Project\\Blender_Directory_Checker\\test_file\\my copy 2_modified_modified.blend', 'FileName': 'my copy 2_modified_modified.blend', 'Render_Engine': 'BLENDER_EEVEE', 'blender_ver': '(3, 6, 13)', 'FPS': '60', 'Total_Frames': '246', 'Render_Samples': '64', 'Resolution_X': '1920', 'Resolution_Y': '1080', 'File_Path': '/tmp\\', 'World_Name': 'World', 'File_Format': 'PNG', 'Resolution_Percentage': '100', 'Scene': 'Scene', 'have_seq': 'False', 'w_comp': 'False', 'noise_t': '0.009999999776482582', 'Ambient_Occlusion': 'False', 'Subsurface_Reflection': 'False', 'Simplify': 'False', 'Bloom': 'False', 'Motion_Blur': 'False'}
2024-09-08 03:20:28,652 - APPLY {'FilePath': 'E:\\My Drive\\Project\\Blender_Directory_Checker\\test_file\\my copy 2.blend', 'FileName': 'my copy 2.blend', 'Render_Engine': 'BLENDER_EEVEE', 'blender_ver': '(4, 3, 21)', 'FPS': '72', 'Total_Frames': '249', 'Render_Samples': '64', 'Resolution_X': '1920', 'Resolution_Y': '1080', 'File_Path': '/tmp\\', 'World_Name': 'World', 'File_Format': 'PNG', 'Resolution_Percentage': '100', 'Scene': 'Scene', 'have_seq': 'False', 'w_comp': 'False', 'noise_t': '0.009999999776482582', 'Ambient_Occlusion': 'False', 'Subsurface_Reflection': 'False', 'Simplify': 'False', 'Bloom': 'False', 'Motion_Blur': 'False'}
2024-09-08 03:20:28,654 - All video sequences removed.
2024-09-08 03:20:28,654 - Settings applied to scene 'Scene'
2024-09-08 03:24:23,500 - APPLY {'FilePath': 'E:\\My Drive\\Project\\Blender_Directory_Checker\\test_file\\my copy 3.blend', 'FileName': 'my copy 3.blend', 'Render_Engine': 'BLENDER_EEVEE', 'blender_ver': '(3, 6, 13)', 'FPS': '66', 'Total_Frames': '247', 'Render_Samples': '64', 'Resolution_X': '1920', 'Resolution_Y': '1080', 'File_Path': '/tmp\\', 'World_Name': 'World', 'File_Format': 'PNG', 'Resolution_Percentage': '100', 'Scene': 'Scene', 'have_seq': 'False', 'w_comp': 'False', 'noise_t': '0.009999999776482582', 'Ambient_Occlusion': 'False', 'Subsurface_Reflection': 'False', 'Simplify': 'False', 'Bloom': 'False', 'Motion_Blur': 'False'}
2024-09-08 03:24:23,502 - All video sequences removed.
2024-09-08 03:24:23,502 - Settings applied to scene 'Scene'
2024-09-08 03:24:48,854 - APPLY {'FilePath': 'E:\\My Drive\\Project\\Blender_Directory_Checker\\test_file\\my copy 2_modified_modified.blend', 'FileName': 'my copy 2_modified_modified.blend', 'Render_Engine': 'BLENDER_EEVEE', 'blender_ver': '(3, 6, 13)', 'FPS': '24', 'Total_Frames': '246', 'Render_Samples': '64', 'Resolution_X': '1920', 'Resolution_Y': '1080', 'File_Path': '//', 'World_Name': 'World', 'File_Format': 'PNG', 'Resolution_Percentage': '100', 'Scene': 'Scene', 'have_seq': 'False', 'w_comp': 'False', 'noise_t': '0.009999999776482582', 'Ambient_Occlusion': 'False', 'Subsurface_Reflection': 'False', 'Simplify': 'False', 'Bloom': 'False', 'Motion_Blur': 'False'}
2024-09-08 03:24:48,855 - All video sequences removed.
2024-09-08 03:24:48,855 - Settings applied to scene 'Scene'
2024-09-08 03:24:50,102 - APPLY {'FilePath': 'E:\\My Drive\\Project\\Blender_Directory_Checker\\test_file\\my copy 2_modified.blend', 'FileName': 'my copy 2_modified.blend', 'Render_Engine': 'BLENDER_EEVEE', 'blender_ver': '(3, 6, 13)', 'FPS': '24', 'Total_Frames': '248', 'Render_Samples': '64', 'Resolution_X': '1920', 'Resolution_Y': '1080', 'File_Path': '//', 'World_Name': 'World', 'File_Format': 'PNG', 'Resolution_Percentage': '100', 'Scene': 'Scene', 'have_seq': 'False', 'w_comp': 'False', 'noise_t': '0.009999999776482582', 'Ambient_Occlusion': 'False', 'Subsurface_Reflection': 'False', 'Simplify': 'False', 'Bloom': 'False', 'Motion_Blur': 'False'}
2024-09-08 03:24:50,104 - All video sequences removed.
2024-09-08 03:24:50,104 - Settings applied to scene 'Scene'
2024-09-08 03:24:50,584 - APPLY {'FilePath': 'E:\\My Drive\\Project\\Blender_Directory_Checker\\test_file\\my copy 3.blend', 'FileName': 'my copy 3.blend', 'Render_Engine': 'BLENDER_EEVEE', 'blender_ver': '(3, 6, 13)', 'FPS': '66', 'Total_Frames': '247', 'Render_Samples': '64', 'Resolution_X': '1920', 'Resolution_Y': '1080', 'File_Path': '//', 'World_Name': 'World', 'File_Format': 'PNG', 'Resolution_Percentage': '100', 'Scene': 'Scene', 'have_seq': 'False', 'w_comp': 'False', 'noise_t': '0.009999999776482582', 'Ambient_Occlusion': 'False', 'Subsurface_Reflection': 'False', 'Simplify': 'False', 'Bloom': 'False', 'Motion_Blur': 'False'}
2024-09-08 03:24:50,585 - All video sequences removed.
2024-09-08 03:24:50,585 - Settings applied to scene 'Scene'
2024-09-08 03:24:51,041 - APPLY {'FilePath': 'E:\\My Drive\\Project\\Blender_Directory_Checker\\test_file\\my copy 2.blend', 'FileName': 'my copy 2.blend', 'Render_Engine': 'BLENDER_EEVEE', 'blender_ver': '(3, 6, 13)', 'FPS': '72', 'Total_Frames': '249', 'Render_Samples': '64', 'Resolution_X': '1920', 'Resolution_Y': '1080', 'File_Path': '//', 'World_Name': 'World', 'File_Format': 'PNG', 'Resolution_Percentage': '100', 'Scene': 'Scene', 'have_seq': 'False', 'w_comp': 'True', 'noise_t': '0.009999999776482582', 'Ambient_Occlusion': 'True', 'Subsurface_Reflection': 'True', 'Simplify': 'True', 'Bloom': 'True', 'Motion_Blur': 'True'}
2024-09-08 03:24:51,042 - All video sequences removed.
2024-09-08 03:24:51,042 - Settings applied to scene 'Scene'
2024-09-08 03:24:51,715 - APPLY {'FilePath': 'E:\\My Drive\\Project\\Blender_Directory_Checker\\test_file\\my copy.blend', 'FileName': 'my copy.blend', 'Render_Engine': 'BLENDER_EEVEE', 'blender_ver': '(3, 6, 13)', 'FPS': '24', 'Total_Frames': '248', 'Render_Samples': '64', 'Resolution_X': '1920', 'Resolution_Y': '1080', 'File_Path': '//', 'World_Name': 'World', 'File_Format': 'PNG', 'Resolution_Percentage': '100', 'Scene': 'Scene', 'have_seq': 'False', 'w_comp': 'False', 'noise_t': '0.009999999776482582', 'Ambient_Occlusion': 'False', 'Subsurface_Reflection': 'False', 'Simplify': 'False', 'Bloom': 'False', 'Motion_Blur': 'False'}
2024-09-08 03:24:51,717 - All video sequences removed.
2024-09-08 03:24:51,717 - Settings applied to scene 'Scene'
2024-09-08 03:25:19,673 - APPLY {'FilePath': 'E:\\My Drive\\Project\\Blender_Directory_Checker\\test_file\\my copy.blend', 'FileName': 'my copy.blend', 'Render_Engine': 'BLENDER_EEVEE', 'blender_ver': '(3, 6, 13)', 'FPS': '24', 'Total_Frames': '248', 'Render_Samples': '64', 'Resolution_X': '1920', 'Resolution_Y': '1080', 'File_Path': '//', 'World_Name': 'World', 'File_Format': 'PNG', 'Resolution_Percentage': '100', 'Scene': 'Scene', 'have_seq': 'False', 'w_comp': 'False', 'noise_t': '0.009999999776482582', 'Ambient_Occlusion': 'False', 'Subsurface_Reflection': 'False', 'Simplify': 'False', 'Bloom': 'False', 'Motion_Blur': 'False'}
2024-09-08 03:25:19,675 - All video sequences removed.
2024-09-08 03:25:19,675 - Settings applied to scene 'Scene'
2024-09-08 03:25:20,122 - APPLY {'FilePath': 'E:\\My Drive\\Project\\Blender_Directory_Checker\\test_file\\my copy 2.blend', 'FileName': 'my copy 2.blend', 'Render_Engine': 'BLENDER_EEVEE', 'blender_ver': '(3, 6, 13)', 'FPS': '24', 'Total_Frames': '249', 'Render_Samples': '64', 'Resolution_X': '1920', 'Resolution_Y': '1080', 'File_Path': '//', 'World_Name': 'World', 'File_Format': 'PNG', 'Resolution_Percentage': '100', 'Scene': 'Scene', 'have_seq': 'False', 'w_comp': 'True', 'noise_t': '0.009999999776482582', 'Ambient_Occlusion': 'True', 'Subsurface_Reflection': 'True', 'Simplify': 'True', 'Bloom': 'True', 'Motion_Blur': 'True'}
2024-09-08 03:25:20,126 - All video sequences removed.
2024-09-08 03:25:20,126 - Settings applied to scene 'Scene'
2024-09-08 03:25:20,601 - APPLY {'FilePath': 'E:\\My Drive\\Project\\Blender_Directory_Checker\\test_file\\my copy 3.blend', 'FileName': 'my copy 3.blend', 'Render_Engine': 'BLENDER_EEVEE', 'blender_ver': '(3, 6, 13)', 'FPS': '24', 'Total_Frames': '247', 'Render_Samples': '64', 'Resolution_X': '1920', 'Resolution_Y': '1080', 'File_Path': '//', 'World_Name': 'World', 'File_Format': 'PNG', 'Resolution_Percentage': '100', 'Scene': 'Scene', 'have_seq': 'False', 'w_comp': 'False', 'noise_t': '0.009999999776482582', 'Ambient_Occlusion': 'False', 'Subsurface_Reflection': 'False', 'Simplify': 'False', 'Bloom': 'False', 'Motion_Blur': 'False'}
2024-09-08 03:25:20,602 - All video sequences removed.
2024-09-08 03:25:20,602 - Settings applied to scene 'Scene'
2024-09-08 03:25:21,110 - APPLY {'FilePath': 'E:\\My Drive\\Project\\Blender_Directory_Checker\\test_file\\my copy 2_modified.blend', 'FileName': 'my copy 2_modified.blend', 'Render_Engine': 'BLENDER_EEVEE', 'blender_ver': '(3, 6, 13)', 'FPS': '24', 'Total_Frames': '248', 'Render_Samples': '64', 'Resolution_X': '1920', 'Resolution_Y': '1080', 'File_Path': '//', 'World_Name': 'World', 'File_Format': 'PNG', 'Resolution_Percentage': '100', 'Scene': 'Scene', 'have_seq': 'False', 'w_comp': 'False', 'noise_t': '0.009999999776482582', 'Ambient_Occlusion': 'False', 'Subsurface_Reflection': 'False', 'Simplify': 'False', 'Bloom': 'False', 'Motion_Blur': 'False'}
2024-09-08 03:25:21,111 - All video sequences removed.
2024-09-08 03:25:21,111 - Settings applied to scene 'Scene'
2024-09-08 03:25:21,549 - APPLY {'FilePath': 'E:\\My Drive\\Project\\Blender_Directory_Checker\\test_file\\my copy 2_modified_modified.blend', 'FileName': 'my copy 2_modified_modified.blend', 'Render_Engine': 'BLENDER_EEVEE', 'blender_ver': '(3, 6, 13)', 'FPS': '24', 'Total_Frames': '246', 'Render_Samples': '64', 'Resolution_X': '1920', 'Resolution_Y': '1080', 'File_Path': '//', 'World_Name': 'World', 'File_Format': 'PNG', 'Resolution_Percentage': '100', 'Scene': 'Scene', 'have_seq': 'False', 'w_comp': 'False', 'noise_t': '0.009999999776482582', 'Ambient_Occlusion': 'False', 'Subsurface_Reflection': 'False', 'Simplify': 'False', 'Bloom': 'False', 'Motion_Blur': 'False'}
2024-09-08 03:25:21,550 - All video sequences removed.
2024-09-08 03:25:21,550 - Settings applied to scene 'Scene'
